<?xml version="1.0" encoding="UTF-8"?>
<!-- Generated by org.testng.reporters.JUnitReportReporter -->
<testsuite hostname="RakeshDell" failures="0" tests="1" name="assignments.Assignment_20" time="0.013" errors="0" timestamp="2025-06-05T23:08:04 IST" skipped="0">
  <testcase classname="assignments.Assignment_20" name="test" time="0.013"/>
</testsuite> <!-- assignments.Assignment_20 -->
